<?xml version="1.0" encoding="UTF-8"?>
<testsuite xmlns:xsi="http://www.w3.org/2001/XMLSchema-instance" xsi:noNamespaceSchemaLocation="https://maven.apache.org/surefire/maven-surefire-plugin/xsd/surefire-test-report-3.0.xsd" version="3.0" name="com.example.license.LicenseServiceTest" time="2.85" tests="10" errors="0" skipped="0" failures="0">
  <properties>
[...]
</properties>
  <testcase name="testInvalidSignature" classname="com.example.license.LicenseServiceTest" time="1.718"/>
  <testcase name="testFeatureEnabled" classname="com.example.license.LicenseServiceTest" time="0.216"/>
  <testcase name="testClockTampering" classname="com.example.license.LicenseServiceTest" time="0.096"/>
  <testcase name="testCapacityLimit" classname="com.example.license.LicenseServiceTest" time="0.19"/>
  <testcase name="testMaskLicenseKey" classname="com.example.license.LicenseServiceTest" time="0.059"/>
  <testcase name="testRevokedLicense" classname="com.example.license.LicenseServiceTest" time="0.167"/>
  <testcase name="testSignAndVerifyLicense" classname="com.example.license.LicenseServiceTest" time="0.079"/>
  <testcase name="testGracePeriodLicense" classname="com.example.license.LicenseServiceTest" time="0.158"/>
  <testcase name="testExpiredLicense" classname="com.example.license.LicenseServiceTest" time="0.082"/>
  <testcase name="testValidStatus" classname="com.example.license.LicenseServiceTest" time="0.044"/>
</testsuite>